c:\chworks\chhworks\x64\debug\chversion.lib
c:\chworks\chhworks\x64\debug\chversion.exp
c:\chworks\chhworks\chversion\x64\debug\chversion.pch.codeanalysis
c:\chworks\chhworks\chversion\x64\debug\vc120.pdb
c:\chworks\chhworks\chversion\x64\debug\vc120.idb
c:\chworks\chhworks\chversion\x64\debug\chversion.pch.codeanalysisast
c:\chworks\chhworks\chversion\x64\debug\stdafx.nativecodeanalysis.xml
c:\chworks\chhworks\chversion\x64\debug\stdafx.obj
c:\chworks\chhworks\chversion\x64\debug\chvercompare.nativecodeanalysis.xml
c:\chworks\chhworks\chversion\x64\debug\chversion.nativecodeanalysis.xml
c:\chworks\chhworks\chversion\x64\debug\chversion.obj
c:\chworks\chhworks\chversion\x64\debug\chvercompare.obj
c:\chworks\chhworks\chversion\x64\debug\dllmain.nativecodeanalysis.xml
c:\chworks\chhworks\chversion\x64\debug\dllmain.obj
c:\chworks\chhworks\x64\debug\chversion.ilk
c:\chworks\chhworks\x64\debug\chversion.dll
c:\chworks\chhworks\x64\debug\chversion.pdb
c:\chworks\chhworks\chversion\x64\debug\chversion.res
c:\chworks\chhworks\chversion\x64\debug\nativecodeanalysis.read.1.tlog
c:\chworks\chhworks\chversion\x64\debug\vc.nativecodeanalysis.all.xml
c:\chworks\chhworks\x64\debug\chversion.dll.lastcodeanalysissucceeded
c:\chworks\chhworks\chversion\x64\debug\chversion.tlog\chversion.write.1u.tlog
c:\chworks\chhworks\chversion\x64\debug\chversion.tlog\cl.command.1.tlog
c:\chworks\chhworks\chversion\x64\debug\chversion.tlog\cl.read.1.tlog
c:\chworks\chhworks\chversion\x64\debug\chversion.tlog\cl.write.1.tlog
c:\chworks\chhworks\chversion\x64\debug\chversion.tlog\link.command.1.tlog
c:\chworks\chhworks\chversion\x64\debug\chversion.tlog\link.read.1.tlog
c:\chworks\chhworks\chversion\x64\debug\chversion.tlog\link.write.1.tlog
c:\chworks\chhworks\chversion\x64\debug\chversion.tlog\rc.command.1.tlog
c:\chworks\chhworks\chversion\x64\debug\chversion.tlog\rc.read.1.tlog
c:\chworks\chhworks\chversion\x64\debug\chversion.tlog\rc.write.1.tlog
