生成启动时间为 2020/3/2 0:06:34。
项目“C:\chworks\chhworks\chMain\chMain.vcxproj”在节点 2 上(Rebuild 个目标)。
ClCompile:
  C:\Program Files (x86)\Microsoft Visual Studio 12.0\VC\bin\x86_amd64\CL.exe /c /Zi /nologo /W3 /WX- /sdl /Od /D WIN32 /D _DEBUG /D _WINDOWS /D _UNICODE /D UNICODE /Gm /EHsc /RTC1 /MDd /GS /fp:precise /Zc:wchar_t /Zc:forScope /Yc"stdafx.h" /Fp"x64\Debug\chMain.pch" /Fo"x64\Debug\\" /Fd"x64\Debug\vc120.pdb" /Gd /TP /errorReport:prompt stdafx.cpp
  stdafx.cpp
  C:\Program Files (x86)\Microsoft Visual Studio 12.0\VC\bin\x86_amd64\CL.exe /c /Zi /nologo /W3 /WX- /sdl /Od /D WIN32 /D _DEBUG /D _WINDOWS /D _UNICODE /D UNICODE /Gm /EHsc /RTC1 /MDd /GS /fp:precise /Zc:wchar_t /Zc:forScope /Yu"stdafx.h" /Fp"x64\Debug\chMain.pch" /Fo"x64\Debug\\" /Fd"x64\Debug\vc120.pdb" /Gd /TP /errorReport:prompt chMain.cpp
  chMain.cpp
ResourceCompile:
  C:\Program Files (x86)\Windows Kits\8.1\bin\x86\rc.exe /D _UNICODE /D UNICODE /l"0x0409" /nologo /fo"x64\Debug\chMain.res" chMain.rc 
Link:
  C:\Program Files (x86)\Microsoft Visual Studio 12.0\VC\bin\x86_amd64\link.exe /ERRORREPORT:PROMPT /OUT:"C:\chworks\chhworks\x64\Debug\chMain.exe" /INCREMENTAL /NOLOGO kernel32.lib user32.lib gdi32.lib winspool.lib comdlg32.lib advapi32.lib shell32.lib ole32.lib oleaut32.lib uuid.lib odbc32.lib odbccp32.lib /MANIFEST /MANIFESTUAC:"level='asInvoker' uiAccess='false'" /manifest:embed /DEBUG /PDB:"C:\chworks\chhworks\x64\Debug\chMain.pdb" /SUBSYSTEM:WINDOWS /TLBID:1 /DYNAMICBASE /NXCOMPAT /IMPLIB:"C:\chworks\chhworks\x64\Debug\chMain.lib" /MACHINE:X64 x64\Debug\chMain.res
  x64\Debug\chMain.obj
  x64\Debug\stdafx.obj
     正在创建库 C:\chworks\chhworks\x64\Debug\chMain.lib 和对象 C:\chworks\chhworks\x64\Debug\chMain.exp
chMain.obj : error LNK2019: 无法解析的外部符号 "public: __cdecl CChVerCompare::CChVerCompare(void)" (??0CChVerCompare@@QEAA@XZ)，该符号在函数 "int __cdecl InitInstance(struct HINSTANCE__ *,int)" (?InitInstance@@YAHPEAUHINSTANCE__@@H@Z) 中被引用
chMain.obj : error LNK2019: 无法解析的外部符号 "public: virtual __cdecl CChVerCompare::~CChVerCompare(void)" (??1CChVerCompare@@UEAA@XZ)，该符号在函数 "int __cdecl InitInstance(struct HINSTANCE__ *,int)" (?InitInstance@@YAHPEAUHINSTANCE__@@H@Z) 中被引用
chMain.obj : error LNK2019: 无法解析的外部符号 "public: int __cdecl CChVerCompare::getMajorVersion(void)" (?getMajorVersion@CChVerCompare@@QEAAHXZ)，该符号在函数 "int __cdecl InitInstance(struct HINSTANCE__ *,int)" (?InitInstance@@YAHPEAUHINSTANCE__@@H@Z) 中被引用
C:\chworks\chhworks\x64\Debug\chMain.exe : fatal error LNK1120: 3 个无法解析的外部命令
已完成生成项目“C:\chworks\chhworks\chMain\chMain.vcxproj”(Rebuild 个目标)的操作 - 失败。

生成失败。

已用时间 00:00:01.21
