c:\chworks\chhworks\chmain\x64\debug\chmain.pch.codeanalysis
c:\chworks\chhworks\chmain\x64\debug\vc120.pdb
c:\chworks\chhworks\chmain\x64\debug\vc120.idb
c:\chworks\chhworks\chmain\x64\debug\chmain.pch.codeanalysisast
c:\chworks\chhworks\chmain\x64\debug\stdafx.nativecodeanalysis.xml
c:\chworks\chhworks\chmain\x64\debug\stdafx.obj
c:\chworks\chhworks\chmain\x64\debug\chmain.nativecodeanalysis.xml
c:\chworks\chhworks\chmain\x64\debug\chmain.obj
c:\chworks\chhworks\chmain\x64\debug\chmain.res
c:\chworks\chhworks\x64\debug\chmain.pdb
c:\chworks\chhworks\chmain\x64\debug\chmain.tlog\cl.command.1.tlog
c:\chworks\chhworks\chmain\x64\debug\chmain.tlog\cl.read.1.tlog
c:\chworks\chhworks\chmain\x64\debug\chmain.tlog\cl.write.1.tlog
c:\chworks\chhworks\chmain\x64\debug\chmain.tlog\link-cvtres.read.1.tlog
c:\chworks\chhworks\chmain\x64\debug\chmain.tlog\link-cvtres.write.1.tlog
c:\chworks\chhworks\chmain\x64\debug\chmain.tlog\link-rc.read.1.tlog
c:\chworks\chhworks\chmain\x64\debug\chmain.tlog\link-rc.write.1.tlog
c:\chworks\chhworks\chmain\x64\debug\chmain.tlog\link.command.1.tlog
c:\chworks\chhworks\chmain\x64\debug\chmain.tlog\link.read.1.tlog
c:\chworks\chhworks\chmain\x64\debug\chmain.tlog\link.write.1.tlog
c:\chworks\chhworks\chmain\x64\debug\chmain.tlog\rc.command.1.tlog
c:\chworks\chhworks\chmain\x64\debug\chmain.tlog\rc.read.1.tlog
c:\chworks\chhworks\chmain\x64\debug\chmain.tlog\rc.write.1.tlog
