c:\chworks\chhworks\release\chversion.lib
c:\chworks\chhworks\release\chversion.exp
c:\chworks\chhworks\chversion\release\chversion.pch
c:\chworks\chhworks\chversion\release\vc120.pdb
c:\chworks\chhworks\chversion\release\stdafx.obj
c:\chworks\chhworks\chversion\release\dllmain.obj
c:\chworks\chhworks\chversion\release\chversion.obj
c:\chworks\chhworks\chversion\release\chvercompare.obj
c:\chworks\chhworks\release\chversion.dll
c:\chworks\chhworks\release\chversion.pdb
c:\chworks\chhworks\chversion\release\chversion.res
c:\chworks\chhworks\chversion\release\chversion.tlog\chversion.write.1u.tlog
c:\chworks\chhworks\chversion\release\chversion.tlog\cl.command.1.tlog
c:\chworks\chhworks\chversion\release\chversion.tlog\cl.read.1.tlog
c:\chworks\chhworks\chversion\release\chversion.tlog\cl.write.1.tlog
c:\chworks\chhworks\chversion\release\chversion.tlog\link.command.1.tlog
c:\chworks\chhworks\chversion\release\chversion.tlog\link.read.1.tlog
c:\chworks\chhworks\chversion\release\chversion.tlog\link.write.1.tlog
c:\chworks\chhworks\chversion\release\chversion.tlog\rc.command.1.tlog
c:\chworks\chhworks\chversion\release\chversion.tlog\rc.read.1.tlog
c:\chworks\chhworks\chversion\release\chversion.tlog\rc.write.1.tlog
