生成启动时间为 2020/3/2 0:01:11。
项目“C:\chworks\chhworks\chMain\chMain.vcxproj”在节点 2 上(Build 个目标)。
ClCompile:
  C:\Program Files (x86)\Microsoft Visual Studio 12.0\VC\bin\CL.exe /c /Zi /nologo /W3 /WX- /sdl /O2 /Oi /Oy- /GL /D WIN32 /D NDEBUG /D _WINDOWS /D _UNICODE /D UNICODE /Gm- /EHsc /MD /GS /Gy /fp:precise /Zc:wchar_t /Zc:forScope /Yc"stdafx.h" /Fp"Release\chMain.pch" /Fo"Release\\" /Fd"Release\vc120.pdb" /Gd /TP /analyze- /errorReport:prompt stdafx.cpp
  stdafx.cpp
  C:\Program Files (x86)\Microsoft Visual Studio 12.0\VC\bin\CL.exe /c /Zi /nologo /W3 /WX- /sdl /O2 /Oi /Oy- /GL /D WIN32 /D NDEBUG /D _WINDOWS /D _UNICODE /D UNICODE /Gm- /EHsc /MD /GS /Gy /fp:precise /Zc:wchar_t /Zc:forScope /Yu"stdafx.h" /Fp"Release\chMain.pch" /Fo"Release\\" /Fd"Release\vc120.pdb" /Gd /TP /analyze- /errorReport:prompt chMain.cpp
  chMain.cpp
ResourceCompile:
  C:\Program Files (x86)\Windows Kits\8.1\bin\x86\rc.exe /D _UNICODE /D UNICODE /l"0x0409" /nologo /fo"Release\chMain.res" chMain.rc 
Link:
  C:\Program Files (x86)\Microsoft Visual Studio 12.0\VC\bin\link.exe /ERRORREPORT:PROMPT /OUT:"C:\chworks\chhworks\Release\chMain.exe" /INCREMENTAL:NO /NOLOGO kernel32.lib user32.lib gdi32.lib winspool.lib comdlg32.lib advapi32.lib shell32.lib ole32.lib oleaut32.lib uuid.lib odbc32.lib odbccp32.lib /MANIFEST /MANIFESTUAC:"level='asInvoker' uiAccess='false'" /manifest:embed /DEBUG /PDB:"C:\chworks\chhworks\Release\chMain.pdb" /SUBSYSTEM:WINDOWS /OPT:REF /OPT:ICF /LTCG /TLBID:1 /DYNAMICBASE /NXCOMPAT /IMPLIB:"C:\chworks\chhworks\Release\chMain.lib" /MACHINE:X86 /SAFESEH Release\chMain.res
  Release\chMain.obj
  Release\stdafx.obj
     正在创建库 C:\chworks\chhworks\Release\chMain.lib 和对象 C:\chworks\chhworks\Release\chMain.exp
  正在生成代码
  已完成代码的生成
  chMain.vcxproj -> C:\chworks\chhworks\Release\chMain.exe
已完成生成项目“C:\chworks\chhworks\chMain\chMain.vcxproj”(Build 个目标)的操作。

生成成功。

已用时间 00:00:01.12
